<?xml version="1.0" encoding="UTF-8"?>
<!-- Generated by org.testng.reporters.JUnitXMLReporter -->
<testsuite ignored="0" hostname="DESKTOP-FF8BLIG" failures="0" tests="3" name="Submit Order Test" time="31.676" errors="0" timestamp="2024-11-23T22:11:22 IST">
  <testcase classname="ankitsolanki.Tests.SubmitOrderTest" name="SubmitOrder" time="7.681"/>
  <testcase classname="ankitsolanki.Tests.SubmitOrderTest" name="SubmitOrder" time="7.165"/>
  <testcase classname="ankitsolanki.Tests.SubmitOrderTest" name="OrderHistoryTest" time="1.116"/>
</testsuite> <!-- Submit Order Test -->
