<?xml version="1.0" encoding="UTF-8"?>
<!-- Generated by org.testng.reporters.JUnitXMLReporter -->
<testsuite ignored="0" hostname="DESKTOP-FF8BLIG" failures="0" tests="2" name="Error validation" time="26.824" errors="0" timestamp="2024-11-26T22:31:17 IST">
  <testcase classname="ankitsolanki.Tests.ErrorValidation" name="LoginErrorValidation" time="1.959"/>
  <testcase classname="ankitsolanki.Tests.ErrorValidation" name="ProductErrorValidation" time="6.957"/>
</testsuite> <!-- Error validation -->
