<?xml version="1.0" encoding="UTF-8"?>
<!-- Generated by org.testng.reporters.JUnitXMLReporter -->
<testsuite ignored="0" hostname="DESKTOP-FF8BLIG" failures="0" tests="3" name="Submit Order Test" time="48.514" errors="0" timestamp="2024-11-26T22:31:37 IST">
  <testcase classname="ankitsolanki.Tests.SubmitOrderTest" name="SubmitOrder" time="9.668"/>
  <testcase classname="ankitsolanki.Tests.SubmitOrderTest" name="SubmitOrder" time="12.25"/>
  <testcase classname="ankitsolanki.Tests.SubmitOrderTest" name="OrderHistoryTest" time="2.749"/>
</testsuite> <!-- Submit Order Test -->
