<?xml version="1.0" encoding="UTF-8"?>
<testng-results ignored="0" total="5" passed="5" failed="0" skipped="0">
  <reporter-output>
  </reporter-output>
  <suite started-at="2024-11-26T22:30:48 IST" name="Suite" finished-at="2024-11-26T22:31:37 IST" duration-ms="48514">
    <groups>
      <group name="Sanity">
        <method signature="SubmitOrderTest.SubmitOrder(java.util.HashMap)[pri:0, instance:ankitsolanki.Tests.SubmitOrderTest@ed3068a]" name="SubmitOrder" class="ankitsolanki.Tests.SubmitOrderTest"/>
      </group> <!-- Sanity -->
      <group name="Smoke">
        <method signature="ErrorValidation.LoginErrorValidation()[pri:0, instance:ankitsolanki.Tests.ErrorValidation@78a287ed]" name="LoginErrorValidation" class="ankitsolanki.Tests.ErrorValidation"/>
      </group> <!-- Smoke -->
    </groups>
    <test started-at="2024-11-26T22:30:48 IST" name="Error validation" finished-at="2024-11-26T22:31:15 IST" duration-ms="26824">
      <class name="ankitsolanki.Tests.ErrorValidation">
        <test-method is-config="true" signature="launchApplication()[pri:0, instance:ankitsolanki.Tests.ErrorValidation@78a287ed]" started-at="2024-11-26T22:30:48 IST" name="launchApplication" finished-at="2024-11-26T22:31:00 IST" duration-ms="11652" status="PASS">
          <reporter-output>
          </reporter-output>
        </test-method> <!-- launchApplication -->
        <test-method signature="LoginErrorValidation()[pri:0, instance:ankitsolanki.Tests.ErrorValidation@78a287ed]" started-at="2024-11-26T22:31:00 IST" name="LoginErrorValidation" finished-at="2024-11-26T22:31:02 IST" duration-ms="1959" status="PASS">
          <reporter-output>
          </reporter-output>
        </test-method> <!-- LoginErrorValidation -->
        <test-method is-config="true" signature="exit()[pri:0, instance:ankitsolanki.Tests.ErrorValidation@78a287ed]" started-at="2024-11-26T22:31:02 IST" name="exit" finished-at="2024-11-26T22:31:02 IST" duration-ms="585" status="PASS">
          <reporter-output>
          </reporter-output>
        </test-method> <!-- exit -->
        <test-method is-config="true" signature="launchApplication()[pri:0, instance:ankitsolanki.Tests.ErrorValidation@78a287ed]" started-at="2024-11-26T22:31:02 IST" name="launchApplication" finished-at="2024-11-26T22:31:06 IST" duration-ms="3242" status="PASS">
          <reporter-output>
          </reporter-output>
        </test-method> <!-- launchApplication -->
        <test-method signature="ProductErrorValidation()[pri:0, instance:ankitsolanki.Tests.ErrorValidation@78a287ed]" started-at="2024-11-26T22:31:06 IST" name="ProductErrorValidation" finished-at="2024-11-26T22:31:13 IST" duration-ms="6957" status="PASS">
          <reporter-output>
          </reporter-output>
        </test-method> <!-- ProductErrorValidation -->
        <test-method is-config="true" signature="exit()[pri:0, instance:ankitsolanki.Tests.ErrorValidation@78a287ed]" started-at="2024-11-26T22:31:13 IST" name="exit" finished-at="2024-11-26T22:31:15 IST" duration-ms="2269" status="PASS">
          <reporter-output>
          </reporter-output>
        </test-method> <!-- exit -->
      </class> <!-- ankitsolanki.Tests.ErrorValidation -->
    </test> <!-- Error validation -->
    <test started-at="2024-11-26T22:30:48 IST" name="Submit Order Test" finished-at="2024-11-26T22:31:37 IST" duration-ms="48514">
      <class name="ankitsolanki.Tests.SubmitOrderTest">
        <test-method is-config="true" signature="launchApplication()[pri:0, instance:ankitsolanki.Tests.SubmitOrderTest@ed3068a]" started-at="2024-11-26T22:30:49 IST" name="launchApplication" finished-at="2024-11-26T22:30:58 IST" duration-ms="9139" status="PASS">
          <reporter-output>
          </reporter-output>
        </test-method> <!-- launchApplication -->
        <test-method signature="SubmitOrder(java.util.HashMap)[pri:0, instance:ankitsolanki.Tests.SubmitOrderTest@ed3068a]" started-at="2024-11-26T22:30:58 IST" name="SubmitOrder" data-provider="getData" finished-at="2024-11-26T22:31:08 IST" duration-ms="9668" status="PASS">
          <params>
            <param index="0">
              <value>
                <![CDATA[{password=ankit123, product=ZARA COAT 3, email=ankit.solanki@appfoster.com}]]>
              </value>
            </param>
          </params>
          <reporter-output>
          </reporter-output>
        </test-method> <!-- SubmitOrder -->
        <test-method is-config="true" signature="exit()[pri:0, instance:ankitsolanki.Tests.SubmitOrderTest@ed3068a]" started-at="2024-11-26T22:31:08 IST" name="exit" finished-at="2024-11-26T22:31:11 IST" duration-ms="2942" status="PASS">
          <reporter-output>
          </reporter-output>
        </test-method> <!-- exit -->
        <test-method is-config="true" signature="launchApplication()[pri:0, instance:ankitsolanki.Tests.SubmitOrderTest@ed3068a]" started-at="2024-11-26T22:31:11 IST" name="launchApplication" finished-at="2024-11-26T22:31:14 IST" duration-ms="3531" status="PASS">
          <reporter-output>
          </reporter-output>
        </test-method> <!-- launchApplication -->
        <test-method signature="SubmitOrder(java.util.HashMap)[pri:0, instance:ankitsolanki.Tests.SubmitOrderTest@ed3068a]" started-at="2024-11-26T22:31:14 IST" name="SubmitOrder" data-provider="getData" finished-at="2024-11-26T22:31:27 IST" duration-ms="12250" status="PASS">
          <params>
            <param index="0">
              <value>
                <![CDATA[{password=Rahul@123, product=ADIDAS ORIGINAL, email=solankiankit66@gmail.com}]]>
              </value>
            </param>
          </params>
          <reporter-output>
          </reporter-output>
        </test-method> <!-- SubmitOrder -->
        <test-method is-config="true" signature="exit()[pri:0, instance:ankitsolanki.Tests.SubmitOrderTest@ed3068a]" started-at="2024-11-26T22:31:27 IST" name="exit" finished-at="2024-11-26T22:31:27 IST" duration-ms="563" status="PASS">
          <reporter-output>
          </reporter-output>
        </test-method> <!-- exit -->
        <test-method is-config="true" signature="launchApplication()[pri:0, instance:ankitsolanki.Tests.SubmitOrderTest@ed3068a]" started-at="2024-11-26T22:31:27 IST" name="launchApplication" finished-at="2024-11-26T22:31:33 IST" duration-ms="6337" status="PASS">
          <reporter-output>
          </reporter-output>
        </test-method> <!-- launchApplication -->
        <test-method signature="OrderHistoryTest()[pri:0, instance:ankitsolanki.Tests.SubmitOrderTest@ed3068a]" started-at="2024-11-26T22:31:33 IST" name="OrderHistoryTest" finished-at="2024-11-26T22:31:36 IST" depends-on-methods="ankitsolanki.Tests.SubmitOrderTest.SubmitOrder" duration-ms="2749" status="PASS">
          <reporter-output>
          </reporter-output>
        </test-method> <!-- OrderHistoryTest -->
        <test-method is-config="true" signature="exit()[pri:0, instance:ankitsolanki.Tests.SubmitOrderTest@ed3068a]" started-at="2024-11-26T22:31:36 IST" name="exit" finished-at="2024-11-26T22:31:37 IST" duration-ms="374" status="PASS">
          <reporter-output>
          </reporter-output>
        </test-method> <!-- exit -->
      </class> <!-- ankitsolanki.Tests.SubmitOrderTest -->
    </test> <!-- Submit Order Test -->
  </suite> <!-- Suite -->
</testng-results>
